2019-12-19 09:39:14,024 - os.name - Windows 10
2019-12-19 09:39:14,024 - os.arch - amd64
2019-12-19 09:39:14,024 - os.version - 10.0
2019-12-19 09:39:14,025 - java.version - 1.8.0_191
2019-12-19 09:39:14,025 - java.vendor - Oracle Corporation
2019-12-19 09:39:14,025 - java.vendor.url - http://java.oracle.com/
2019-12-19 09:39:14,025 - java.home - C:\Program Files\Java\jdk1.8.0_191\jre
2019-12-19 09:39:14,025 - java.vm.specification.name - Java Virtual Machine Specification
2019-12-19 09:39:14,025 - java.vm.specification.vendor - Oracle Corporation
2019-12-19 09:39:14,025 - java.vm.specification.version - 1.8
2019-12-19 09:39:14,025 - java.class.path - C:\Users\fgrira\eclipse\jee-2018-09\eclipse\\plugins/org.eclipse.equinox.launcher_1.5.100.v20180827-1352.jar;C:\Users\fgrira\eclipse\jee-2018-09\eclipse\lombok.jar
2019-12-19 09:39:14,025 - java.library.path - C:\Users\fgrira\eclipse\jee-2018-09\eclipse;C:\Windows\Sun\Java\bin;C:\Windows\system32;C:\Windows;C:/Program Files/Java/jdk1.8.0_191/bin/../jre/bin/server;C:/Program Files/Java/jdk1.8.0_191/bin/../jre/bin;C:/Program Files/Java/jdk1.8.0_191/bin/../jre/lib/amd64;C:\Python27\;C:\Python27\Scripts;C:\Program Files\Java\jdk1.8.0_191\bin;C:\Program Files (x86)\maven\apache-maven-3.6.0\bin;C:\Program Files\Git\cmd;C:\wamp\bin\php\php7.1.26;C:\composer;C:\Program Files\nodejs;C:\Program Files\Git\git-bash.exe;C:\Program Files\Git\git-cmd.exe;C:\Windows\System32;C:\sdk-tools\platform-tools;C:\spring-boot-cli-2.1.0.BUILD-SNAPSHOT-bin\spring-2.1.0.BUILD-SNAPSHOT\bin;C:\Program Files\MongoDB\Server\4.0\bin;;C:\Users\fgrira\AppData\Local\Programs\Microsoft VS Code\bin;C:\Users\fgrira\AppData\Roaming\Composer\vendor\bin;C:\Program Files\JetBrains\IntelliJ IDEA 2019.2\bin;;C:\Users\fgrira\AppData\Roaming\npm;C:\Program Files\heroku\bin;C:\Users\fgrira\Desktop;;.
2019-12-19 09:39:14,025 - --------------------------------------
2019-12-19 09:39:14,025 - ## Eclipse Plug-ins Log Information ##
2019-12-19 09:39:14,025 - --------------------------------------
2019-12-19 09:39:14,153 - javax.el - 2.2.0.v201303151357
2019-12-19 09:39:14,153 - javax.servlet - 3.1.0.v201410161800
2019-12-19 09:39:14,154 - javax.servlet.jsp - 2.2.0.v201112011158
2019-12-19 09:39:14,154 - com.sun.el - 2.2.0.v201303151357
2019-12-19 09:39:14,190 - org.apache.commons.logging - 1.2.0.v20180409-1502
2019-12-19 09:39:14,191 - org.apache.jasper.glassfish - 2.2.2.v201501141630
2019-12-19 09:39:14,253 - org.apache.lucene.analyzers-common - 7.1.0.v20180122-2126
2019-12-19 09:39:14,284 - org.apache.lucene.core - 7.1.0.v20171214-1510
2019-12-19 09:39:14,299 - org.apache.lucene.analyzers-smartcn - 7.1.0.v20180122-2126
2019-12-19 09:39:14,299 - org.eclipse.equinox.http.jetty - 3.6.100.v20180827-1235
2019-12-19 09:39:14,299 - org.eclipse.equinox.http.registry - 1.1.600.v20180827-1235
2019-12-19 09:39:14,300 - org.eclipse.equinox.http.servlet - 1.5.100.v20180904-1442
2019-12-19 09:39:14,300 - org.eclipse.equinox.jsp.jasper - 1.1.100.v20180827-1235
2019-12-19 09:39:14,300 - org.eclipse.equinox.jsp.jasper.registry - 1.1.100.v20180827-1235
2019-12-19 09:39:14,300 - org.eclipse.help.base - 4.2.300.v20180906-0745
2019-12-19 09:39:14,314 - org.eclipse.help.ui - 4.1.200.v20180821-0700
2019-12-19 09:39:14,324 - org.eclipse.help.webapp - 3.9.200.v20180821-0700
2019-12-19 09:39:14,324 - org.eclipse.jetty.continuation - 9.4.11.v20180605
2019-12-19 09:39:14,325 - org.eclipse.jetty.http - 9.4.11.v20180605
2019-12-19 09:39:14,326 - org.eclipse.jetty.io - 9.4.11.v20180605
2019-12-19 09:39:14,326 - org.eclipse.jetty.security - 9.4.11.v20180605
2019-12-19 09:39:14,327 - org.eclipse.jetty.server - 9.4.11.v20180605
2019-12-19 09:39:14,327 - org.eclipse.jetty.servlet - 9.4.11.v20180605
2019-12-19 09:39:14,328 - org.eclipse.jetty.util - 9.4.11.v20180605
2019-12-19 09:39:14,328 - org.eclipse.core.net - 1.3.300.v20180827-1041
2019-12-19 09:39:14,329 - org.eclipse.equinox.security - 1.2.500.v20180827-1235
2019-12-19 09:39:14,358 - org.eclipse.mylyn.bugzilla.core - 3.24.2.v20180905-0003
2019-12-19 09:39:14,359 - org.eclipse.mylyn.bugzilla.ui - 3.24.2.v20180905-0003
2019-12-19 09:39:14,438 - org.eclipse.andmore.hierarchyviewer - 0.5.1.201701251432
2019-12-19 09:39:14,525 - org.eclipse.sequoyah.device.backward - 2.1.0.N20120718-0509
2019-12-19 09:39:14,525 - org.eclipse.sequoyah.device.framework - 2.1.0.N20120718-0509
2019-12-19 09:39:14,526 - org.eclipse.sequoyah.device.framework.ui - 2.1.0.N20120718-0509
2019-12-19 09:39:14,527 - org.eclipse.sequoyah.device.service.start - 2.1.0.N20120718-0509
2019-12-19 09:39:14,529 - org.eclipse.sequoyah.device.service.stop - 2.1.0.N20120718-0509
2019-12-19 09:39:14,530 - org.eclipse.sequoyah.device.framework.wizard - 2.1.0.N20120718-0509
2019-12-19 09:39:14,627 - org.eclipse.jpt.dbws.eclipselink.ui - 1.1.201.v201803012210
2019-12-19 09:39:14,627 - org.eclipse.jpt.dbws.eclipselink.core.gen - 1.1.201.v201803012210
2019-12-19 09:39:14,628 - javax.wsdl - 1.6.2.v201012040545
2019-12-19 09:39:14,628 - org.eclipse.persistence.dbws - 2.7.1.v20171221-bd47e8f
2019-12-19 09:39:14,628 - org.eclipse.persistence.dbws.builder - 2.7.1.v20171221-bd47e8f
2019-12-19 09:39:14,628 - org.eclipse.jpt.dbws.eclipselink.branding - 1.2.101.v201807122215
2019-12-19 09:39:14,774 - org.eclipse.egit.core - 5.1.0.201809111528-r
2019-12-19 09:39:14,791 - org.eclipse.egit.ui - 5.1.0.201809111528-r
2019-12-19 09:39:14,791 - org.eclipse.egit - 5.1.0.201809111528-r
2019-12-19 09:39:14,791 - org.eclipse.egit.doc - 5.1.0.201809111528-r
2019-12-19 09:39:14,812 - org.eclipse.mylyn.tasks.core - 3.24.2.v20180905-0003
2019-12-19 09:39:14,813 - org.eclipse.mylyn.tasks.index.core - 3.24.2.v20180905-0003
2019-12-19 09:39:14,813 - org.eclipse.mylyn.tasks.index.ui - 3.24.2.v20180905-0003
2019-12-19 09:39:14,814 - org.eclipse.mylyn.tasks.search - 3.24.2.v20180905-0003
2019-12-19 09:39:14,823 - org.eclipse.mylyn.tasks.ui - 3.24.2.v20180905-0003
2019-12-19 09:39:14,850 - org.eclipse.gef - 3.11.0.201606061308
2019-12-19 09:39:14,886 - org.eclipse.mylyn.commons.identity.core - 1.16.0.v20180904-2231
2019-12-19 09:39:14,938 - javax.persistence - 2.2.0.v201708071007
2019-12-19 09:39:14,939 - org.eclipse.jpt.jpa.annotate - 1.0.101.v201803012210
2019-12-19 09:39:14,968 - org.eclipse.jpt.jpa.core - 3.5.1.v201803012210
2019-12-19 09:39:14,968 - org.eclipse.jpt.jpa.db - 2.2.201.v201803012210
2019-12-19 09:39:14,968 - org.eclipse.jpt.jpa.db.ui - 2.1.201.v201803012210
2019-12-19 09:39:14,969 - org.eclipse.jpt.jpa.gen - 2.3.201.v201803012210
2019-12-19 09:39:14,974 - org.eclipse.jpt.jpa.ui - 3.4.201.v201803012210
2019-12-19 09:39:14,980 - org.eclipse.jpt.doc.user - 3.2.101.v201807122215
2019-12-19 09:39:14,980 - org.eclipse.persistence.jpa.jpql - 2.7.1.v20171221-bd47e8f
2019-12-19 09:39:14,981 - org.apache.commons.collections - 3.2.2.v201511171945
2019-12-19 09:39:14,981 - org.apache.commons.lang - 2.6.0.v201404270220
2019-12-19 09:39:14,981 - org.apache.velocity - 1.5.0.v200905192330
2019-12-19 09:39:14,981 - org.jdom - 1.1.1.v201101151400
2019-12-19 09:39:14,981 - org.eclipse.jpt.jpa.branding - 3.4.1.v201807122215
2019-12-19 09:39:15,041 - org.eclipse.oomph.p2 - 1.10.0.v20180706-1242
2019-12-19 09:39:15,042 - org.eclipse.oomph.p2.core - 1.10.0.v20180712-0540
2019-12-19 09:39:15,043 - org.eclipse.oomph.p2.edit - 1.10.0.v20180706-1242
2019-12-19 09:39:15,067 - org.eclipse.oomph.p2.ui - 1.10.0.v20180829-1028
2019-12-19 09:39:15,068 - org.eclipse.oomph.p2.doc - 1.10.0.v20180706-1242
2019-12-19 09:39:15,103 - org.eclipse.tm.terminal.view.core - 4.5.0.201808290101
2019-12-19 09:39:15,136 - org.eclipse.tm.terminal.view.ui - 4.5.0.201808290101
2019-12-19 09:39:15,208 - org.eclipse.datatools.enablement.sqlite - 1.2.101.201807022034
2019-12-19 09:39:15,209 - org.eclipse.datatools.enablement.sqlite.dbdefinition - 1.2.101.201807022034
2019-12-19 09:39:15,210 - org.eclipse.datatools.enablement.sqlite.ui - 1.2.101.201807022034
2019-12-19 09:39:15,210 - org.eclipse.datatools.enablement.finfo - 1.7.101.201807021829
2019-12-19 09:39:15,223 - org.eclipse.emf.codegen.ui - 2.8.0.v20180706-1146
2019-12-19 09:39:15,290 - org.springframework.ide.eclipse.integration - 3.9.6.201809180658-RELEASE
2019-12-19 09:39:15,307 - org.eclipse.mylyn.commons.notifications.core - 1.16.0.v20180904-2231
2019-12-19 09:39:15,308 - org.eclipse.mylyn.commons.notifications.feed - 1.16.0.v20180904-2231
2019-12-19 09:39:15,308 - org.eclipse.mylyn.commons.notifications.ui - 1.16.0.v20180904-2231
2019-12-19 09:39:15,312 - org.eclipse.emf.converter - 2.10.0.v20180706-1146
2019-12-19 09:39:15,312 - org.eclipse.emf.importer - 2.11.0.v20180706-1146
2019-12-19 09:39:15,313 - org.eclipse.emf.exporter - 2.9.0.v20180706-1146
2019-12-19 09:39:15,313 - org.eclipse.emf.importer.ecore - 2.10.0.v20180706-1146
2019-12-19 09:39:15,313 - org.eclipse.emf.importer.java - 2.10.0.v20180706-1146
2019-12-19 09:39:15,314 - org.eclipse.emf.importer.rose - 2.10.0.v20180706-1146
2019-12-19 09:39:15,318 - org.eclipse.recommenders.rcp - 2.5.4.v20180909-1132
2019-12-19 09:39:15,318 - org.eclipse.recommenders.apidocs - 2.5.4.v20180909-1132
2019-12-19 09:39:15,318 - org.eclipse.recommenders.apidocs.rcp - 2.5.4.v20180909-1132
2019-12-19 09:39:15,319 - org.eclipse.recommenders.calls - 2.5.4.v20180909-1132
2019-12-19 09:39:15,319 - org.eclipse.recommenders.calls.rcp - 2.5.4.v20180909-1132
2019-12-19 09:39:15,319 - org.eclipse.recommenders.chain.rcp - 2.5.4.v20180909-1132
2019-12-19 09:39:15,328 - org.eclipse.recommenders.completion.rcp - 2.5.4.v20180909-1132
2019-12-19 09:39:15,328 - org.eclipse.recommenders.constructors - 2.5.4.v20180909-1132
2019-12-19 09:39:15,328 - org.eclipse.recommenders.constructors.rcp - 2.5.4.v20180909-1132
2019-12-19 09:39:15,329 - org.eclipse.recommenders.coordinates - 2.5.4.v20180909-1132
2019-12-19 09:39:15,329 - org.eclipse.recommenders.coordinates.rcp - 2.5.4.v20180909-1132
2019-12-19 09:39:15,329 - org.eclipse.recommenders.injection - 2.5.4.v20180909-1132
2019-12-19 09:39:15,330 - org.eclipse.recommenders.jayes - 2.5.4.v20180909-1132
2019-12-19 09:39:15,330 - org.eclipse.recommenders.jayes.io - 2.5.4.v20180909-1132
2019-12-19 09:39:15,330 - org.eclipse.recommenders.jdt - 2.5.4.v20180909-1132
2019-12-19 09:39:15,330 - org.eclipse.recommenders.models - 2.5.4.v20180909-1132
2019-12-19 09:39:15,331 - org.eclipse.recommenders.models.rcp - 2.5.4.v20180909-1132
2019-12-19 09:39:15,331 - org.eclipse.recommenders.net - 2.5.4.v20180909-1132
2019-12-19 09:39:15,331 - org.eclipse.recommenders.overrides - 2.5.4.v20180909-1132
2019-12-19 09:39:15,331 - org.eclipse.recommenders.overrides.rcp - 2.5.4.v20180909-1132
2019-12-19 09:39:15,332 - org.eclipse.recommenders.subwords.rcp - 2.5.4.v20180909-1132
2019-12-19 09:39:15,332 - org.eclipse.recommenders.statics - 2.5.4.v20180909-1132
2019-12-19 09:39:15,332 - org.eclipse.recommenders.statics.rcp - 2.5.4.v20180909-1132
2019-12-19 09:39:15,333 - org.eclipse.recommenders.types.rcp - 2.5.4.v20180909-1132
2019-12-19 09:39:15,333 - org.eclipse.recommenders.utils - 2.5.4.v20180909-1132
2019-12-19 09:39:15,333 - org.eclipse.recommenders.utils.rcp - 2.5.4.v20180909-1132
2019-12-19 09:39:15,362 - org.eclipse.datatools.enablement.oda.ws.ui - 1.4.101.201807022034
2019-12-19 09:39:15,362 - org.eclipse.datatools.enablement.oda.xml.ui - 1.4.101.201807022034
2019-12-19 09:39:15,363 - org.eclipse.datatools.connectivity.oda.flatfile.ui - 3.3.101.201807022034
2019-12-19 09:39:15,410 - org.eclipse.datatools.enablement.postgresql.dbdefinition - 1.2.101.201807022034
2019-12-19 09:39:15,424 - org.eclipse.datatools.enablement.postgresql - 1.3.101.201807022034
2019-12-19 09:39:15,425 - org.eclipse.datatools.enablement.postgresql.ui - 1.2.101.201807022034
2019-12-19 09:39:15,425 - org.eclipse.datatools.enablement.finfo - 1.7.101.201807021829
2019-12-19 09:39:15,461 - org.eclipse.datatools.connectivity.oda.design.ui - 3.4.101.201807022034
2019-12-19 09:39:15,461 - org.eclipse.datatools.connectivity.ui.dse - 1.3.101.201807022034
2019-12-19 09:39:15,461 - org.eclipse.datatools.connectivity.ui - 1.4.101.201807022034
2019-12-19 09:39:15,462 - org.eclipse.datatools.connectivity.sqm.core - 1.4.101.201807022034
2019-12-19 09:39:15,462 - org.eclipse.datatools.help - 1.7.101.201807022034
2019-12-19 09:39:15,466 - org.eclipse.m2e.wtp.jsf - 1.4.0.20180606-2005
2019-12-19 09:39:15,493 - org.eclipse.datatools.connectivity.db.generic - 1.2.101.201807022034
2019-12-19 09:39:15,493 - org.eclipse.datatools.connectivity.db.generic.ui - 1.2.101.201807022034
2019-12-19 09:39:15,493 - org.eclipse.datatools.connectivity.dbdefinition.genericJDBC - 1.2.101.201807022034
2019-12-19 09:39:15,514 - org.eclipse.emf.mapping - 2.11.0.v20180706-1146
2019-12-19 09:39:15,659 - org.springframework.ide.eclipse.webflow.mylyn - 3.9.6.201809180658-RELEASE
2019-12-19 09:39:15,659 - org.springframework.ide.eclipse.beans.mylyn - 3.9.6.201809180658-RELEASE
2019-12-19 09:39:15,660 - org.springframework.ide.eclipse.aop.mylyn - 3.9.6.201809180658-RELEASE
2019-12-19 09:39:15,660 - org.springframework.ide.eclipse.mylyn - 3.9.6.201809180658-RELEASE
2019-12-19 09:39:15,707 - org.eclipse.wst.common.project.facet.core - 1.4.400.v201808012032
2019-12-19 09:39:15,708 - org.eclipse.wst.common.project.facet.ui - 1.4.601.v201707201954
2019-12-19 09:39:15,735 - org.eclipse.emf.ecore - 2.15.0.v20180722-1159
2019-12-19 09:39:15,736 - org.eclipse.emf.ecore.change - 2.13.0.v20180706-1146
2019-12-19 09:39:15,736 - org.eclipse.emf.ecore.xmi - 2.15.0.v20180706-1146
2019-12-19 09:39:15,760 - org.eclipse.datatools.intro - 1.14.101.201807021805
2019-12-19 09:39:15,802 - org.eclipse.jst.common.project.facet.core - 1.7.0.v201808161734
2019-12-19 09:39:15,803 - org.eclipse.jst.common.project.facet.ui - 1.4.510.v201802151734
2019-12-19 09:39:15,809 - org.eclipse.jgit - 5.1.0.201809111528-r
2019-12-19 09:39:15,810 - org.eclipse.jgit.archive - 5.1.0.201809111528-r
2019-12-19 09:39:15,835 - com.jcraft.jsch - 0.1.54.v20170116-1932
2019-12-19 09:39:15,850 - javaewah - 1.1.6.v20160919-1400
2019-12-19 09:39:15,856 - org.apache.commons.compress - 1.15.0.v20180119-1613
2019-12-19 09:39:15,857 - org.slf4j.api - 1.7.2.v20121108-1250
2019-12-19 09:39:15,857 - org.slf4j.impl.log4j12 - 1.7.2.v20131105-2200
2019-12-19 09:39:15,866 - org.apache.log4j - 1.2.15.v201012070815
2019-12-19 09:39:15,866 - com.jcraft.jzlib - 1.1.3
2019-12-19 09:39:15,883 - org.eclipse.mylyn.wikitext.tasks.ui - 3.0.25.201806201740
2019-12-19 09:39:15,883 - org.eclipse.mylyn.wikitext.context.ui - 3.0.25.201806201740
2019-12-19 09:39:15,923 - org.eclipse.jpt.jaxb.core - 1.4.101.v201803012210
2019-12-19 09:39:15,924 - org.eclipse.jpt.jaxb.core.schemagen - 1.1.201.v201803012210
2019-12-19 09:39:15,924 - org.eclipse.jpt.jaxb.ui - 1.5.101.v201803012210
2019-12-19 09:39:15,924 - org.eclipse.jpt.jaxb.branding - 1.4.1.v201807122215
2019-12-19 09:39:15,930 - org.eclipse.emf.mapping.ecore.editor - 2.8.0.v20180706-1146
2019-12-19 09:39:15,930 - org.eclipse.emf.mapping.ecore2ecore.editor - 2.9.0.v20180706-1146
2019-12-19 09:39:15,931 - org.eclipse.emf.mapping.ecore2xml.ui - 2.10.0.v20180706-1146
2019-12-19 09:39:15,944 - org.eclipse.datatools.enablement.finfo - 1.7.101.201807021829
2019-12-19 09:39:15,945 - org.eclipse.datatools.sqltools.db.derby.ui - 1.2.101.201807022034
2019-12-19 09:39:15,945 - org.eclipse.datatools.sqltools.db.generic.ui - 1.2.101.201807022034
2019-12-19 09:39:15,966 - org.eclipse.datatools.enablement.jdt.classpath - 1.2.101.201807030125
2019-12-19 09:39:15,988 - org.eclipse.mylyn.discovery.core - 3.24.2.v20180904-2231
2019-12-19 09:39:15,988 - org.eclipse.mylyn.discovery.ui - 3.24.2.v20180904-2231
2019-12-19 09:39:16,037 - org.eclipse.datatools.enablement.mysql.dbdefinition - 1.2.101.201807022034
2019-12-19 09:39:16,037 - org.eclipse.datatools.enablement.mysql - 1.2.101.201807022034
2019-12-19 09:39:16,037 - org.eclipse.datatools.enablement.mysql.ui - 1.2.101.201807022034
2019-12-19 09:39:16,038 - org.eclipse.datatools.enablement.finfo - 1.7.101.201807021829
2019-12-19 09:39:16,059 - org.eclipse.datatools.enablement.msft.sqlserver.dbdefinition - 1.2.101.201807021805
2019-12-19 09:39:16,060 - org.eclipse.datatools.enablement.msft.sqlserver - 1.2.101.201807021805
2019-12-19 09:39:16,060 - org.eclipse.datatools.enablement.msft.sqlserver.ui - 1.2.101.201807021805
2019-12-19 09:39:16,060 - org.eclipse.datatools.enablement.finfo - 1.7.101.201807021829
2019-12-19 09:39:16,072 - org.eclipse.wst.jsdt.chromium.debug.core - 0.5.300.v201705091354
2019-12-19 09:39:16,073 - org.eclipse.wst.jsdt.chromium.debug.ui - 0.6.200.v201701261810
2019-12-19 09:39:16,073 - org.eclipse.wst.jsdt.chromium.debug.js - 0.1.200.v201610211901
2019-12-19 09:39:16,073 - org.eclipse.wst.jsdt.chromium.debug - 0.4.0.v201605131737
2019-12-19 09:39:16,073 - org.eclipse.wst.jsdt.chromium - 0.5.200.v201610211901
2019-12-19 09:39:16,074 - org.eclipse.wst.jsdt.chromium.debug.jsdtbridge - 0.5.200.v201610211901
2019-12-19 09:39:16,074 - org.eclipse.wst.jsdt.chromium.wip.eclipse - 0.5.200.v201610212001
2019-12-19 09:39:16,075 - org.eclipse.wst.jsdt.chromium.wipbackend.dev - 0.5.200.v201610212001
2019-12-19 09:39:16,075 - org.eclipse.wst.jsdt.chromium.wipbackend.protocol_1_0 - 0.5.200.v201610212001
2019-12-19 09:39:16,150 - org.eclipse.sequoyah.localization.android - 2.1.0.N20120718-0509
2019-12-19 09:39:16,151 - org.eclipse.sequoyah.localization.android.help - 2.1.1.N20120718-0509
2019-12-19 09:39:16,154 - org.eclipse.m2e.wtp.jpa - 1.4.0.20180606-2005
2019-12-19 09:39:16,165 - org.eclipse.jst.ws.jaxws.core - 1.0.501.v201806042237
2019-12-19 09:39:16,165 - org.eclipse.jst.ws.jaxws.ui - 1.0.500.v201803011744
2019-12-19 09:39:16,165 - javax.xml.ws - 2.1.0.v200902101523
2019-12-19 09:39:16,166 - javax.jws - 2.0.0.v201005080400
2019-12-19 09:39:16,166 - org.eclipse.jst.ws.annotations.core - 1.2.200.v201802222200
2019-12-19 09:39:16,171 - javax.xml.stream - 1.0.1.v201004272200
2019-12-19 09:39:16,172 - org.eclipse.jst.ws.jaxb.core - 1.0.200.v201802222200
2019-12-19 09:39:16,172 - javax.wsdl - 1.6.2.v201012040545
2019-12-19 09:39:16,172 - org.jdom - 1.1.1.v201101151400
2019-12-19 09:39:16,184 - org.eclipse.datatools.connectivity.doc.user.contexts - 1.7.101.201807022034
2019-12-19 09:39:16,184 - org.eclipse.datatools.connectivity.doc.user - 1.14.101.201807021805
2019-12-19 09:39:16,195 - org.eclipse.mylyn.tasks.bugs - 3.24.2.v20180905-0003
2019-12-19 09:39:16,196 - org.eclipse.mylyn.help.ui - 3.24.2.v20180905-0003
2019-12-19 09:39:16,207 - org.eclipse.userstorage - 1.1.0.v20170328-0205
2019-12-19 09:39:16,207 - org.eclipse.userstorage.ui - 1.0.2.v20170526-1605
2019-12-19 09:39:16,207 - org.eclipse.userstorage.oauth - 1.0.0.v20170526-1605
2019-12-19 09:39:16,211 - org.eclipse.emf.edit - 2.14.0.v20180823-0456
2019-12-19 09:39:16,232 - org.eclipse.mylyn.commons.core - 3.24.2.v20180904-2231
2019-12-19 09:39:16,232 - org.eclipse.mylyn.commons.screenshots - 3.24.2.v20180904-2231
2019-12-19 09:39:16,232 - org.eclipse.mylyn.commons.ui - 3.24.2.v20180904-2231
2019-12-19 09:39:16,233 - org.eclipse.mylyn.commons.workbench - 3.24.2.v20180904-2231
2019-12-19 09:39:16,262 - org.springframework.ide.eclipse.maven - 3.9.6.201809180658-RELEASE
2019-12-19 09:39:16,290 - org.springframework.ide.eclipse.security - 3.9.6.201809180658-RELEASE
2019-12-19 09:39:16,300 - org.eclipse.mylyn.bugzilla.ide - 3.24.2.v20180905-0014
2019-12-19 09:39:16,300 - org.eclipse.mylyn.ide.ui - 3.24.2.v20180905-0014
2019-12-19 09:39:16,324 - org.eclipse.wst.json.ui - 1.0.200.v201807090620
2019-12-19 09:39:16,325 - org.eclipse.wst.json.bower.ui - 1.0.100.v201807090620
2019-12-19 09:39:16,325 - org.eclipse.wst.json.eslint.ui - 1.0.100.v201807090620
2019-12-19 09:39:16,325 - org.eclipse.wst.json.jshint.ui - 1.0.100.v201807090620
2019-12-19 09:39:16,326 - org.eclipse.wst.json.npm.ui - 1.0.100.v201807090620
2019-12-19 09:39:16,335 - org.eclipse.emf.databinding.edit - 1.5.0.v20180823-0456
2019-12-19 09:39:16,349 - org.eclipse.emf.codegen.ecore - 2.15.0.v20180905-1732
2019-12-19 09:39:16,350 - org.eclipse.emf.ant - 2.10.0.v20180706-1146
2019-12-19 09:39:16,534 - org.eclipse.m2e.archetype.common - 1.9.1.20180912-1600
2019-12-19 09:39:16,605 - org.eclipse.m2e.maven.indexer - 1.9.1.20180912-1600
2019-12-19 09:39:16,614 - org.eclipse.m2e.model.edit - 1.9.1.20180912-1601
2019-12-19 09:39:16,614 - org.eclipse.m2e.core - 1.9.1.20180912-1601
2019-12-19 09:39:16,614 - org.eclipse.m2e.launching - 1.9.1.20180912-1601
2019-12-19 09:39:16,614 - org.eclipse.m2e.workspace.cli - 0.3.1
2019-12-19 09:39:16,615 - org.eclipse.m2e.jdt - 1.9.1.20180912-1601
2019-12-19 09:39:16,621 - org.eclipse.m2e.editor - 1.9.1.20180912-1601
2019-12-19 09:39:16,628 - org.eclipse.m2e.editor.xml - 1.9.1.20180912-1601
2019-12-19 09:39:17,540 - org.eclipse.m2e.maven.runtime - 1.9.1.20180912-1600
2019-12-19 09:39:17,563 - org.eclipse.m2e.maven.runtime.slf4j.simple - 1.9.1.20180912-1600
2019-12-19 09:39:17,564 - org.eclipse.m2e.refactoring - 1.9.1.20180912-1601
2019-12-19 09:39:17,564 - org.eclipse.m2e.lifecyclemapping.defaults - 1.9.1.20180912-1601
2019-12-19 09:39:17,564 - org.eclipse.m2e.discovery - 1.9.1.20180912-1601
2019-12-19 09:39:17,612 - org.eclipse.m2e.core.ui - 1.9.1.20180912-1601
2019-12-19 09:39:17,613 - org.eclipse.m2e.scm - 1.9.1.20180912-1601
2019-12-19 09:39:17,613 - org.eclipse.m2e.jdt.ui - 1.9.1.20180912-1601
2019-12-19 09:39:17,613 - org.eclipse.m2e.profiles.core - 1.9.1.20180912-1601
2019-12-19 09:39:17,613 - org.eclipse.m2e.profiles.ui - 1.9.1.20180912-1601
2019-12-19 09:39:17,614 - org.eclipse.m2e.importer - 1.9.1.20180912-1601
2019-12-19 09:39:17,614 - org.eclipse.m2e.sourcelookup - 1.9.1.20180912-1601
2019-12-19 09:39:17,614 - org.eclipse.m2e.sourcelookup.ui - 1.9.1.20180912-1601
2019-12-19 09:39:17,614 - org.eclipse.m2e.binaryproject - 1.9.1.20180912-1601
2019-12-19 09:39:17,614 - org.eclipse.m2e.binaryproject.ui - 1.9.1.20180912-1601
2019-12-19 09:39:17,698 - org.springframework.ide.eclipse.aop.core - 3.9.6.201809180658-RELEASE
2019-12-19 09:39:17,717 - org.springframework.ide.eclipse.aop.ui - 3.9.6.201809180658-RELEASE
2019-12-19 09:39:17,718 - org.springframework.ide.eclipse.aop.ui.matcher - 3.9.6.201809180658-RELEASE
2019-12-19 09:39:17,755 - org.eclipse.andmore.ndk - 0.5.1.201701251432
2019-12-19 09:39:19,071 - org.eclipse.cft.server.core - 1.2.3.v201805291812
2019-12-19 09:39:19,071 - org.eclipse.cft.server.branding.core - 1.0.2.v201805291812
2019-12-19 09:39:19,257 - org.eclipse.cft.server.standalone.core - 1.0.4.v201805291812
2019-12-19 09:39:19,324 - org.eclipse.datatools.connectivity.oda.consumer - 3.4.101.201807022034
2019-12-19 09:39:19,326 - org.eclipse.datatools.connectivity.oda.design - 3.5.101.201807022034
2019-12-19 09:39:19,326 - org.eclipse.datatools.connectivity.oda.profile - 3.4.101.201807022034
2019-12-19 09:39:19,327 - org.eclipse.datatools.connectivity.oda - 3.6.101.201807022034
2019-12-19 09:39:19,327 - org.eclipse.datatools.connectivity - 1.14.101.201807021805
2019-12-19 09:39:19,388 - org.eclipse.andmore.android.certmanager - 0.5.1.201701251432
2019-12-19 09:39:19,541 - org.eclipse.sequoyah.localization.tools - 2.1.0.N20120718-0509
2019-12-19 09:39:19,543 - org.eclipse.sequoyah.localization.editor - 2.1.0.N20120718-0509
2019-12-19 09:39:19,721 - org.eclipse.mylyn.team.ui - 3.24.2.v20180905-0014
2019-12-19 09:39:19,766 - org.eclipse.emf.common.ui - 2.14.0.v20180706-1146
2019-12-19 09:39:19,821 - org.eclipse.sequoyah.device.common.utilities - 2.1.0.N20120718-0509
2019-12-19 09:39:19,841 - org.eclipse.emf.mapping.ui - 2.9.0.v20180706-1146
2019-12-19 09:39:19,926 - org.eclipse.datatools.connectivity.oda.template.ui - 3.4.101.201807022034
2019-12-19 09:39:19,937 - org.eclipse.datatools.enablement.ibm - 1.2.101.201807022034
2019-12-19 09:39:19,937 - org.eclipse.datatools.enablement.ibm.db2 - 1.2.101.201807022034
2019-12-19 09:39:19,938 - org.eclipse.datatools.enablement.ibm.db2.iseries.dbdefinition - 1.2.101.201807022034
2019-12-19 09:39:19,938 - org.eclipse.datatools.enablement.ibm.db2.iseries - 1.2.101.201807022034
2019-12-19 09:39:19,951 - org.eclipse.datatools.enablement.ibm.db2.iseries.ui - 1.2.101.201807022034
2019-12-19 09:39:19,951 - org.eclipse.datatools.enablement.ibm.db2.luw.dbdefinition - 1.2.101.201807022034
2019-12-19 09:39:19,957 - org.eclipse.datatools.enablement.ibm.db2.luw - 1.2.101.201807022034
2019-12-19 09:39:19,957 - org.eclipse.datatools.enablement.ibm.db2.luw.ui - 1.2.101.201807022034
2019-12-19 09:39:19,958 - org.eclipse.datatools.enablement.ibm.db2.zseries.dbdefinition - 1.2.101.201807022034
2019-12-19 09:39:19,979 - org.eclipse.datatools.enablement.ibm.db2.zseries - 1.2.101.201807022034
2019-12-19 09:39:19,980 - org.eclipse.datatools.enablement.ibm.db2.zseries.ui - 1.2.101.201807022034
2019-12-19 09:39:19,980 - org.eclipse.datatools.enablement.ibm.informix.dbdefinition - 1.2.101.201807022034
2019-12-19 09:39:19,981 - org.eclipse.datatools.enablement.ibm.informix - 1.2.101.201807022034
2019-12-19 09:39:19,981 - org.eclipse.datatools.enablement.ibm.informix.ui - 1.2.101.201807022034
2019-12-19 09:39:19,981 - org.eclipse.datatools.enablement.ibm.ui - 1.2.101.201807022034
2019-12-19 09:39:20,016 - org.eclipse.jpt.common.eclipselink.core - 1.3.201.v201803012210
2019-12-19 09:39:20,016 - org.eclipse.jpt.common.eclipselink.branding - 1.3.101.v201807122215
2019-12-19 09:39:20,036 - org.eclipse.datatools.connectivity.sqm.core.ui - 1.4.101.201807022034
2019-12-19 09:39:20,036 - org.eclipse.datatools.connectivity.sqm.core - 1.4.101.201807022034
2019-12-19 09:39:20,037 - org.eclipse.datatools.connectivity.sqm.server.ui - 1.3.101.201807022034
2019-12-19 09:39:20,037 - org.eclipse.datatools.connectivity.ui.dse - 1.3.101.201807022034
2019-12-19 09:39:20,037 - org.eclipse.datatools.connectivity.ui - 1.4.101.201807022034
2019-12-19 09:39:20,037 - org.eclipse.datatools.connectivity - 1.14.101.201807021805
2019-12-19 09:39:20,037 - org.eclipse.datatools.help - 1.7.101.201807022034
2019-12-19 09:39:20,037 - org.eclipse.datatools.connectivity.console.profile - 1.2.101.201807022034
2019-12-19 09:39:20,045 - org.eclipse.wst.jsdt.core - 2.0.302.v201804042202
2019-12-19 09:39:20,045 - org.eclipse.wst.jsdt.manipulation - 1.0.601.v201602241911
2019-12-19 09:39:20,045 - org.eclipse.wst.jsdt.ui - 2.0.301.v201710051729
2019-12-19 09:39:20,045 - org.eclipse.wst.jsdt.support.firefox - 1.0.501.v201602241911
2019-12-19 09:39:20,046 - org.eclipse.wst.jsdt.support.ie - 1.0.601.v201602241911
2019-12-19 09:39:20,054 - org.eclipse.wst.jsdt.doc - 2.0.200.v201710302345
2019-12-19 09:39:20,064 - org.eclipse.wst.jsdt.debug.core - 3.2.200.v201610211901
2019-12-19 09:39:20,064 - org.eclipse.wst.jsdt.debug.transport - 1.0.300.v201502261613
2019-12-19 09:39:20,065 - org.eclipse.wst.jsdt.debug.crossfire - 1.0.500.v201505071819
2019-12-19 09:39:20,065 - org.eclipse.wst.jsdt.debug.rhino - 1.0.500.v201605251607
2019-12-19 09:39:20,065 - org.eclipse.wst.jsdt.debug.rhino.debugger - 1.0.600.v201604292217
2019-12-19 09:39:20,074 - org.eclipse.wst.jsdt.debug.ui - 1.0.600.v201605311817
2019-12-19 09:39:20,074 - org.mozilla.javascript - 1.7.5.v201504281450
2019-12-19 09:39:20,085 - com.google.guava - 21.0.0.v20170206-1425
2019-12-19 09:39:20,106 - com.google.javascript - 0.0.20160315.v20161124-1903
2019-12-19 09:39:20,191 - org.springframework.ide.eclipse.ajdt.ui.xref - 3.9.6.201809180658-RELEASE
2019-12-19 09:39:20,191 - org.springframework.ide.eclipse.ajdt.ui.visualiser - 3.9.6.201809180658-RELEASE
2019-12-19 09:39:20,213 - org.eclipse.buildship.core - 2.2.1.v20180125-1441
2019-12-19 09:39:20,214 - org.eclipse.buildship.ui - 2.2.1.v20180125-1441
2019-12-19 09:39:20,214 - org.eclipse.buildship.branding - 2.2.1.v20180125-1441
2019-12-19 09:39:20,214 - org.eclipse.buildship.stsmigration - 2.2.1.v20180125-1441
2019-12-19 09:39:20,268 - org.eclipse.wst.jsdt.web.core - 1.1.0.v201807090620
2019-12-19 09:39:20,281 - org.eclipse.wst.jsdt.web.ui - 1.2.0.v201807090620
2019-12-19 09:39:20,282 - org.eclipse.wst.html.ui.infopop - 1.0.201.v201711201733
2019-12-19 09:39:20,283 - org.eclipse.wst.web.ui.infopop - 1.0.300.v201711222247
2019-12-19 09:39:20,306 - org.eclipse.wst.css.ui - 1.1.100.v201807090620
2019-12-19 09:39:20,306 - org.eclipse.wst.html.ui - 1.1.100.v201807090620
2019-12-19 09:39:20,306 - org.eclipse.wst.web.ui - 1.2.0.v201802171744
2019-12-19 09:39:20,324 - org.eclipse.datatools.common.doc.user - 1.14.101.201807021805
2019-12-19 09:39:20,341 - org.eclipse.datatools.enablement.hsqldb - 1.2.101.201807022034
2019-12-19 09:39:20,342 - org.eclipse.datatools.enablement.hsqldb.dbdefinition - 1.2.101.201807022034
2019-12-19 09:39:20,348 - org.eclipse.datatools.enablement.hsqldb.ui - 1.2.101.201807022034
2019-12-19 09:39:20,348 - org.eclipse.datatools.enablement.finfo - 1.7.101.201807021829
2019-12-19 09:39:20,361 - org.eclipse.datatools.sqltools.doc.user - 1.14.101.201807021805
2019-12-19 09:39:20,362 - org.eclipse.datatools.sqltools.doc.user.contexts - 1.7.101.201807022034
2019-12-19 09:39:20,397 - org.eclipse.m2e.wtp - 1.4.0.20180606-2005
2019-12-19 09:39:20,397 - org.eclipse.m2e.wtp.overlay - 1.4.0.20180606-2005
2019-12-19 09:39:20,398 - org.eclipse.m2e.wtp.overlay.ui - 1.4.0.20180606-2005
2019-12-19 09:39:20,431 - org.eclipse.jpt.common.utility - 2.4.1.v201803012210
2019-12-19 09:39:20,431 - org.eclipse.jpt.common.core - 1.5.1.v201803012210
2019-12-19 09:39:20,440 - org.eclipse.jpt.common.ui - 1.4.201.v201803012210
2019-12-19 09:39:20,440 - org.eclipse.jpt.common.branding - 1.4.1.v201807122215
2019-12-19 09:39:20,454 - org.eclipse.emf.edit.ui - 2.15.0.v20180823-0914
2019-12-19 09:39:20,458 - org.eclipse.help - 3.8.200.v20180821-0700
2019-12-19 09:39:20,459 - org.eclipse.ui - 3.110.0.v20180828-1350
2019-12-19 09:39:20,459 - org.eclipse.ui.workbench - 3.112.0.v20180906-1121
2019-12-19 09:39:20,460 - org.eclipse.update.configurator - 3.4.100.v20180821-1913
2019-12-19 09:39:20,460 - org.eclipse.rcp - 4.9.100.v20180906-0745
2019-12-19 09:39:20,474 - org.eclipse.persistence.moxy - 2.7.1.v20171221-bd47e8f
2019-12-19 09:39:20,485 - org.eclipse.jpt.jaxb.eclipselink.core - 1.3.201.v201803012210
2019-12-19 09:39:20,486 - org.eclipse.jpt.jaxb.eclipselink.ui - 1.4.201.v201803012210
2019-12-19 09:39:20,486 - org.eclipse.jpt.jaxb.eclipselink.core.schemagen - 1.2.201.v201803012210
2019-12-19 09:39:20,486 - org.eclipse.jpt.jaxb.eclipselink.branding - 1.4.101.v201807122215
2019-12-19 09:39:20,500 - org.eclipse.datatools.connectivity.apache.derby.dbdefinition - 1.2.101.201807022034
2019-12-19 09:39:20,500 - org.eclipse.datatools.connectivity.apache.derby.ui - 1.2.101.201807022034
2019-12-19 09:39:20,500 - org.eclipse.datatools.connectivity.apache.derby - 1.2.101.201807022034
2019-12-19 09:39:20,500 - org.eclipse.datatools.modelbase.derby - 1.2.101.201807022034
2019-12-19 09:39:20,501 - org.eclipse.datatools.sqltools.db.derby - 1.2.101.201807022034
2019-12-19 09:39:20,548 - org.springframework.ide.eclipse.aeri - 3.9.6.201809180658-RELEASE
2019-12-19 09:39:20,586 - org.eclipse.jdt - 3.15.0.v20180906-0745
2019-12-19 09:39:20,599 - org.eclipse.ant.ui - 3.7.200.v20180822-0553
2019-12-19 09:39:20,600 - org.eclipse.jdt.apt.core - 3.6.100.v20180905-0315
2019-12-19 09:39:20,601 - org.eclipse.jdt.apt.ui - 3.6.100.v20180905-0315
2019-12-19 09:39:20,602 - org.eclipse.jdt.apt.pluggable.core - 1.2.200.v20180905-0315
2019-12-19 09:39:20,604 - org.eclipse.jdt.compiler.apt - 1.3.300.v20180905-0315
2019-12-19 09:39:20,604 - org.eclipse.jdt.compiler.tool - 1.2.300.v20180905-0319
2019-12-19 09:39:20,614 - org.eclipse.jdt.core - 3.15.0.v20180905-0317
2019-12-19 09:39:20,615 - org.eclipse.jdt.annotation - 2.2.100.v20180905-0314
2019-12-19 09:39:20,615 - org.eclipse.jdt.annotation - 2.2.100.v20180905-0314
2019-12-19 09:39:20,616 - org.eclipse.jdt.core.manipulation - 1.10.100.v20180829-0618
2019-12-19 09:39:20,628 - org.eclipse.jdt.debug.ui - 3.10.0.v20180827-1040
2019-12-19 09:39:20,668 - org.eclipse.jdt.debug - 3.12.0.v20180827-1040
2019-12-19 09:39:20,676 - org.eclipse.jdt.junit - 3.11.100.v20180829-0645
2019-12-19 09:39:20,677 - org.eclipse.jdt.junit.core - 3.10.100.v20180829-0645
2019-12-19 09:39:20,678 - org.eclipse.jdt.junit.runtime - 3.4.800.v20180829-0645
2019-12-19 09:39:20,679 - org.eclipse.jdt.junit4.runtime - 1.1.800.v20180829-0645
2019-12-19 09:39:20,680 - org.eclipse.jdt.junit5.runtime - 1.0.200.v20180829-0645
2019-12-19 09:39:20,687 - org.eclipse.jdt.launching - 3.11.0.v20180827-1040
2019-12-19 09:39:20,706 - org.eclipse.jdt.ui - 3.15.0.v20180829-2215
2019-12-19 09:39:20,723 - org.junit - 4.12.0.v201504281640
2019-12-19 09:39:20,724 - org.hamcrest.core - 1.3.0.v20180420-1519
2019-12-19 09:39:20,726 - org.junit.jupiter.api - 5.1.0.v20180327-1502
2019-12-19 09:39:20,727 - org.junit.jupiter.engine - 5.1.0.v20180327-1502
2019-12-19 09:39:20,728 - org.junit.jupiter.migrationsupport - 5.1.0.v20180327-1502
2019-12-19 09:39:20,731 - org.junit.jupiter.params - 5.1.0.v20180327-1502
2019-12-19 09:39:20,733 - org.junit.platform.commons - 1.1.0.v20180327-1502
2019-12-19 09:39:20,734 - org.junit.platform.engine - 1.1.0.v20180327-1502
2019-12-19 09:39:20,735 - org.junit.platform.launcher - 1.1.0.v20180327-1502
2019-12-19 09:39:20,736 - org.junit.platform.runner - 1.1.0.v20180327-1502
2019-12-19 09:39:20,737 - org.junit.platform.suite.api - 1.1.0.v20180327-1502
2019-12-19 09:39:20,738 - org.junit.vintage.engine - 5.1.0.v20180327-1502
2019-12-19 09:39:20,739 - org.opentest4j - 1.0.0.v20180327-1502
2019-12-19 09:39:20,758 - org.apiguardian - 1.0.0.v20180327-1502
2019-12-19 09:39:20,766 - org.eclipse.jdt.doc.user - 3.15.0.v20180905-1254
2019-12-19 09:39:20,773 - org.eclipse.ant.launching - 1.2.200.v20180822-0553
2019-12-19 09:39:20,795 - org.eclipse.emf.common - 2.15.0.v20180723-1316
2019-12-19 09:39:20,829 - org.eclipse.sequoyah.vnc.vncviewer.vncviews - 2.1.0.N20120718-0509
2019-12-19 09:39:20,848 - org.eclipse.egit.mylyn.ui - 5.1.0.201809111528-r
2019-12-19 09:39:20,869 - org.eclipse.datatools.enablement.sybase.asa.models - 1.2.101.201807022034
2019-12-19 09:39:20,875 - org.eclipse.datatools.enablement.sybase.ase.models - 1.2.101.201807022034
2019-12-19 09:39:20,876 - org.eclipse.datatools.enablement.sybase.asa - 1.2.101.201807022034
2019-12-19 09:39:20,888 - org.eclipse.datatools.enablement.sybase.ase - 1.2.101.201807022034
2019-12-19 09:39:20,889 - org.eclipse.datatools.enablement.sybase.ase.dbdefinition - 1.2.101.201807021829
2019-12-19 09:39:20,890 - org.eclipse.datatools.enablement.sybase.asa.dbdefinition - 1.2.101.201807022034
2019-12-19 09:39:20,890 - org.eclipse.datatools.enablement.sybase.asa.ui - 1.2.101.201807022034
2019-12-19 09:39:20,891 - org.eclipse.datatools.enablement.sybase.ase.ui - 1.2.101.201807022034
2019-12-19 09:39:20,891 - org.eclipse.datatools.enablement.sybase - 1.2.101.201807022034
2019-12-19 09:39:20,892 - org.eclipse.datatools.enablement.sybase.models - 1.2.101.201807022034
2019-12-19 09:39:20,893 - org.eclipse.datatools.enablement.sybase.ui - 1.2.101.201807022034
2019-12-19 09:39:20,899 - org.eclipse.datatools.enablement.sybase.asa.schemaobjecteditor.examples - 2.7.101.201807022034
2019-12-19 09:39:20,914 - org.jdom - 1.1.1.v201101151400
2019-12-19 09:39:20,914 - org.eclipse.jst.ws.cxf.consumption.core - 1.0.400.v201802222200
2019-12-19 09:39:20,915 - org.eclipse.jst.ws.cxf.consumption.ui - 1.0.400.v201802222200
2019-12-19 09:39:20,915 - org.eclipse.jst.ws.cxf.core - 1.1.301.v201802222200
2019-12-19 09:39:20,915 - org.eclipse.jst.ws.cxf.creation.core - 1.0.500.v201802222200
2019-12-19 09:39:20,915 - org.eclipse.jst.ws.cxf.creation.ui - 1.0.300.v201802222200
2019-12-19 09:39:20,916 - org.eclipse.jst.ws.cxf.ui - 1.0.301.v201802222200
2019-12-19 09:39:20,916 - javax.wsdl - 1.6.2.v201012040545
2019-12-19 09:39:20,916 - javax.jws - 2.0.0.v201005080400
2019-12-19 09:39:20,916 - javax.xml.stream - 1.0.1.v201004272200
2019-12-19 09:39:20,916 - javax.xml.ws - 2.1.0.v200902101523
2019-12-19 09:39:20,942 - org.springframework.ide.eclipse - 3.9.6.201809180658-RELEASE
2019-12-19 09:39:20,960 - org.springframework.ide.eclipse.core - 3.9.6.201809180658-RELEASE
2019-12-19 09:39:20,960 - org.springframework.ide.eclipse.doc - 3.9.6.201809180658-RELEASE
2019-12-19 09:39:20,961 - org.springframework.ide.eclipse.ui - 3.9.6.201809180658-RELEASE
2019-12-19 09:39:20,968 - org.springframework.ide.eclipse.beans.core - 3.9.6.201809180658-RELEASE
2019-12-19 09:39:20,969 - org.springframework.ide.eclipse.beans.core.metadata - 3.9.6.201809180658-RELEASE
2019-12-19 09:39:20,970 - org.springframework.ide.eclipse.beans.ui - 3.9.6.201809180658-RELEASE
2019-12-19 09:39:20,971 - org.springframework.ide.eclipse.beans.ui.graph - 3.9.6.201809180658-RELEASE
2019-12-19 09:39:20,971 - org.springframework.ide.eclipse.beans.ui.livegraph - 3.9.6.201809180658-RELEASE
2019-12-19 09:39:20,973 - org.springframework.ide.eclipse.beans.ui.editor - 3.9.6.201809180658-RELEASE
2019-12-19 09:39:20,973 - org.springframework.ide.eclipse.beans.ui.search - 3.9.6.201809180658-RELEASE
2019-12-19 09:39:20,975 - org.springframework.ide.eclipse.beans.ui.refactoring - 3.9.6.201809180658-RELEASE
2019-12-19 09:39:20,975 - org.springframework.ide.eclipse.quickfix - 3.9.6.201809180658-RELEASE
2019-12-19 09:39:20,975 - org.springframework.ide.eclipse.metadata - 3.9.6.201809180658-RELEASE
2019-12-19 09:39:20,975 - org.springframework.ide.eclipse.bestpractices - 3.9.6.201809180658-RELEASE
2019-12-19 09:39:20,977 - org.springframework.ide.eclipse.config.core - 3.9.6.201809180658-RELEASE
2019-12-19 09:39:20,978 - org.springframework.ide.eclipse.config.graph - 3.9.6.201809180658-RELEASE
2019-12-19 09:39:20,992 - org.springframework.ide.eclipse.config.ui - 3.9.6.201809180658-RELEASE
2019-12-19 09:39:21,087 - org.springframework.ide.eclipse.wizard - 3.9.6.201809180658-RELEASE
2019-12-19 09:39:21,088 - org.springframework.ide.eclipse.buildship - 3.9.6.201809180658-RELEASE
2019-12-19 09:39:21,088 - org.springframework.aop - 4.3.15.20180306-CI
2019-12-19 09:39:21,088 - org.springframework.beans - 4.3.15.20180306-CI
2019-12-19 09:39:21,088 - org.springframework.context - 4.3.15.20180306-CI
2019-12-19 09:39:21,089 - org.springframework.context.support - 4.3.15.20180306-CI
2019-12-19 09:39:21,089 - org.springframework.core - 4.3.15.20180306-CI
2019-12-19 09:39:21,090 - org.springframework.expression - 4.3.15.20180306-CI
2019-12-19 09:39:21,090 - org.springframework.jdbc - 4.3.15.20180306-CI
2019-12-19 09:39:21,090 - org.springframework.jms - 4.3.15.20180306-CI
2019-12-19 09:39:21,091 - org.springframework.orm - 4.3.15.20180306-CI
2019-12-19 09:39:21,091 - org.springframework.oxm - 4.3.15.20180306-CI
2019-12-19 09:39:21,091 - org.springframework.transaction - 4.3.15.20180306-CI
2019-12-19 09:39:21,093 - org.springframework.web - 4.3.15.20180306-CI
2019-12-19 09:39:21,093 - org.springframework.web.servlet - 4.3.15.20180306-CI
2019-12-19 09:39:21,094 - javax.validation - 1.0.0.GA_v201205091237
2019-12-19 09:39:21,139 - org.springframework.ide.eclipse.webflow.core - 3.9.6.201809180658-RELEASE
2019-12-19 09:39:21,140 - org.springframework.ide.eclipse.webflow.ui - 3.9.6.201809180658-RELEASE
2019-12-19 09:39:21,141 - org.springframework.ide.eclipse.webflow.ui.editor - 3.9.6.201809180658-RELEASE
2019-12-19 09:39:21,163 - org.springframework.ide.eclipse.webflow.ui.graph - 3.9.6.201809180658-RELEASE
2019-12-19 09:39:21,163 - org.springframework.web - 4.3.15.20180306-CI
2019-12-19 09:39:21,163 - org.springframework.web.servlet - 4.3.15.20180306-CI
2019-12-19 09:39:21,163 - javax.validation - 1.0.0.GA_v201205091237
2019-12-19 09:39:21,177 - org.eclipse.datatools.sqltools.common.ui - 1.2.101.201807022034
2019-12-19 09:39:21,178 - org.eclipse.datatools.sqltools.debugger.core - 1.2.101.201807022034
2019-12-19 09:39:21,179 - org.eclipse.datatools.sqltools.editor.core - 1.2.101.201807022034
2019-12-19 09:39:21,180 - org.eclipse.datatools.sqltools.plan - 1.2.101.201807022034
2019-12-19 09:39:21,180 - org.eclipse.datatools.sqltools.routineeditor - 1.2.101.201807022034
2019-12-19 09:39:21,181 - org.eclipse.datatools.sqltools.sql - 1.2.101.201807022034
2019-12-19 09:39:21,182 - org.eclipse.datatools.sqltools.sqleditor - 1.2.101.201807022034
2019-12-19 09:39:21,183 - org.eclipse.datatools.sqltools.sqlscrapbook - 1.2.101.201807022034
2019-12-19 09:39:21,183 - org.eclipse.datatools.help - 1.7.101.201807022034
2019-12-19 09:39:21,184 - org.eclipse.datatools.sqltools.db.generic - 1.2.101.201807022034
2019-12-19 09:39:21,185 - org.eclipse.datatools.sqltools.debugger.core.ui - 1.2.101.201807022034
2019-12-19 09:39:21,185 - org.eclipse.datatools.sqltools.editor.core.ui - 1.2.101.201807022034
2019-12-19 09:39:21,186 - org.eclipse.datatools.sqltools.result.ui - 1.3.101.201807022034
2019-12-19 09:39:21,187 - org.eclipse.datatools.sqltools.routineeditor.ui - 1.2.101.201807022034
2019-12-19 09:39:21,188 - org.eclipse.datatools.sqltools.sql.ui - 1.2.101.201807022034
2019-12-19 09:39:21,220 - org.objectweb.asm - 6.2.1.v20180823-1831
2019-12-19 09:39:21,220 - org.eclipse.andmore - 0.5.1.201701251432
2019-12-19 09:39:21,220 - org.eclipse.andmore.base - 0.5.1.201701251432
2019-12-19 09:39:21,230 - org.eclipse.andmore.ddms - 0.5.1.201701251432
2019-12-19 09:39:21,231 - org.eclipse.andmore.overlay - 0.5.1.201701251432
2019-12-19 09:39:21,252 - org.apache.commons.codec - 1.10.0.v20180409-1845
2019-12-19 09:39:21,252 - org.apache.commons.compress - 1.15.0.v20180119-1613
2019-12-19 09:39:21,253 - org.apache.httpcomponents.httpclient - 4.5.5.v20180409-1525
2019-12-19 09:39:21,254 - org.apache.httpcomponents.httpcore - 4.4.9.v20180409-1525
2019-12-19 09:39:21,273 - org.eclipse.datatools.modelbase.dbdefinition - 1.2.101.201807022034
2019-12-19 09:39:21,291 - org.eclipse.datatools.modelbase.sql.edit - 1.2.101.201807022034
2019-12-19 09:39:21,298 - org.eclipse.datatools.modelbase.sql.query - 1.3.201.201807022146
2019-12-19 09:39:21,311 - org.eclipse.datatools.modelbase.sql.query.edit - 1.2.101.201807022034
2019-12-19 09:39:21,312 - org.eclipse.datatools.modelbase.sql.xml.query - 1.2.101.201807022034
2019-12-19 09:39:21,313 - org.eclipse.datatools.modelbase.sql - 1.2.101.201807022034
2019-12-19 09:39:21,344 - org.eclipse.oomph.setup.editor - 1.10.0.v20180821-1848
2019-12-19 09:39:21,355 - org.eclipse.oomph.setup.ui - 1.11.0.v20180921-0524
2019-12-19 09:39:21,370 - org.eclipse.oomph.setup.doc - 1.10.0.v20180706-1242
2019-12-19 09:39:21,370 - org.eclipse.oomph.setup.ui.questionnaire - 1.10.0.v20180706-1242
2019-12-19 09:39:21,371 - org.eclipse.oomph.jreinfo.ui - 1.10.0.v20180706-1242
2019-12-19 09:39:21,386 - org.eclipse.datatools.doc.isv - 1.14.101.201807021805
2019-12-19 09:39:21,386 - org.eclipse.datatools.sdk - 1.9.101.201807021829
2019-12-19 09:39:21,386 - org.eclipse.datatools.connectivity.ui.templates - 1.2.101.201807022034
2019-12-19 09:39:21,421 - org.eclipse.wst.xsl.core - 1.2.0.v201802171654
2019-12-19 09:39:21,422 - org.eclipse.wst.xsl.debug.ui - 1.1.0.v201804302237
2019-12-19 09:39:21,422 - org.eclipse.wst.xsl.launching - 1.2.0.v201802171654
2019-12-19 09:39:21,423 - org.eclipse.wst.xsl.xalan - 1.1.0.v201802182338
2019-12-19 09:39:21,423 - org.eclipse.wst.xsl.ui - 1.2.0.v201802171654
2019-12-19 09:39:21,424 - org.eclipse.wst.xml.xpath.ui - 1.1.200.v201805022145
2019-12-19 09:39:21,424 - org.eclipse.wst.xsl.doc - 1.1.0.v201802171654
2019-12-19 09:39:21,424 - org.eclipse.wst.xml.xpath.core - 1.3.1.v201711201732
2019-12-19 09:39:21,425 - org.eclipse.wst.xsl.saxon - 1.1.0.v201802171654
2019-12-19 09:39:21,425 - org.eclipse.wst.xsl - 1.2.0.v201711201732
2019-12-19 09:39:21,426 - org.eclipse.wst.xsl.jaxp.debug - 1.1.0.v201802171654
2019-12-19 09:39:21,426 - org.eclipse.wst.xsl.jaxp.debug.ui - 1.1.0.v201802171654
2019-12-19 09:39:21,427 - org.eclipse.wst.xsl.jaxp.launching - 1.1.0.v201802171654
2019-12-19 09:39:21,427 - org.eclipse.wst.xsl.exslt.core - 1.1.0.v201802171654
2019-12-19 09:39:21,428 - org.eclipse.wst.xsl.exslt.ui - 1.1.0.v201802171654
2019-12-19 09:39:21,481 - org.eclipse.datatools.enablement.oda.ws - 1.4.101.201807022034
2019-12-19 09:39:21,481 - org.eclipse.datatools.enablement.oda.xml - 1.4.101.201807022034
2019-12-19 09:39:21,482 - org.eclipse.datatools.connectivity.oda.flatfile - 3.3.101.201807022034
2019-12-19 09:39:21,523 - org.springframework.ide.eclipse.beans.core.autowire - 3.9.6.201809180658-RELEASE
2019-12-19 09:39:21,524 - org.springframework.ide.eclipse.beans.ui.autowire - 3.9.6.201809180658-RELEASE
2019-12-19 09:39:21,587 - org.eclipse.jst.ws.axis2.core - 1.0.300.v201802222200
2019-12-19 09:39:21,587 - org.eclipse.jst.ws.axis2.ui - 1.0.400.v201802222200
2019-12-19 09:39:21,588 - org.eclipse.jst.ws.axis2.consumption.core - 1.0.200.v201802222200
2019-12-19 09:39:21,588 - org.eclipse.jst.ws.axis2.consumption.ui - 1.0.200.v201802222200
2019-12-19 09:39:21,589 - org.eclipse.jst.ws.axis2.creation.core - 1.0.200.v201802222200
2019-12-19 09:39:21,590 - org.eclipse.jst.ws.axis2.creation.ui - 1.0.200.v201802222200
2019-12-19 09:39:21,591 - org.eclipse.jst.ws.axis2.ui.doc.user - 1.0.200.v201309242118
2019-12-19 09:39:21,599 - org.eclipse.recommenders.mylyn.rcp - 2.5.4.v20180909-1132
2019-12-19 09:39:21,876 - org.apache.ant - 1.10.5.v20180808-0324
2019-12-19 09:39:21,894 - org.eclipse.ant.core - 3.5.200.v20180822-0553
2019-12-19 09:39:21,894 - com.jcraft.jsch - 0.1.54.v20170116-1932
2019-12-19 09:39:21,895 - org.eclipse.compare.core - 3.6.300.v20180827-1041
2019-12-19 09:39:21,912 - org.eclipse.compare - 3.7.300.v20180827-1041
2019-12-19 09:39:21,925 - org.eclipse.compare.win32 - 1.2.200.v20180827-1041
2019-12-19 09:39:21,926 - org.eclipse.core.filebuffers - 3.6.300.v20180822-1339
2019-12-19 09:39:21,927 - org.eclipse.core.filesystem - 1.7.200.v20180828-0158
2019-12-19 09:39:21,927 - org.eclipse.core.net - 1.3.300.v20180827-1041
2019-12-19 09:39:21,928 - org.eclipse.core.net.win32.x86_64 - 1.1.200.v20180827-1041
2019-12-19 09:39:21,929 - org.eclipse.core.resources - 3.13.100.v20180828-0158
2019-12-19 09:39:21,930 - org.eclipse.osgi.util - 3.5.100.v20180827-1536
2019-12-19 09:39:21,930 - org.eclipse.debug.core - 3.13.0.v20180821-1744
2019-12-19 09:39:21,946 - org.eclipse.debug.ui - 3.13.100.v20180827-0649
2019-12-19 09:39:21,947 - org.eclipse.equinox.event - 1.4.300.v20180827-1235
2019-12-19 09:39:21,947 - org.eclipse.ltk.core.refactoring - 3.9.100.v20180828-0626
2019-12-19 09:39:21,962 - org.eclipse.ltk.ui.refactoring - 3.9.200.v20180828-0626
2019-12-19 09:39:21,962 - org.eclipse.platform - 4.9.0.v20180906-0745
2019-12-19 09:39:21,975 - org.eclipse.platform.doc.user - 4.9.0.v20180905-1254
2019-12-19 09:39:22,002 - org.eclipse.search - 3.11.300.v20180822-1339
2019-12-19 09:39:22,003 - org.eclipse.team.core - 3.8.300.v20180827-1041
2019-12-19 09:39:22,074 - org.eclipse.team.ui - 3.8.200.v20180827-1338
2019-12-19 09:39:22,075 - org.eclipse.text - 3.7.0.v20180822-1511
2019-12-19 09:39:22,128 - org.eclipse.jface.text - 3.14.0.v20180824-1140
2019-12-19 09:39:22,129 - org.eclipse.jsch.core - 1.3.200.v20180827-1041
2019-12-19 09:39:22,129 - org.eclipse.jsch.ui - 1.3.200.v20180827-1041
2019-12-19 09:39:22,129 - org.eclipse.ui.console - 3.8.100.v20180821-1744
2019-12-19 09:39:22,130 - org.eclipse.ui.intro - 3.5.300.v20180823-1505
2019-12-19 09:39:22,130 - org.eclipse.ui.intro.universal - 3.3.300.v20180821-0700
2019-12-19 09:39:22,173 - org.eclipse.ui.cheatsheets - 3.5.300.v20180823-1505
2019-12-19 09:39:22,207 - org.eclipse.ui.browser - 3.6.300.v20180828-0837
2019-12-19 09:39:22,209 - org.eclipse.ui.genericeditor - 1.1.100.v20180824-1616
2019-12-19 09:39:22,209 - org.eclipse.ui.monitoring - 1.1.300.v20180828-1350
2019-12-19 09:39:22,210 - org.eclipse.ui.navigator - 3.7.200.v20180828-0837
2019-12-19 09:39:22,211 - org.eclipse.ui.navigator.resources - 3.6.200.v20180828-0837
2019-12-19 09:39:22,211 - org.eclipse.ui.net - 1.3.300.v20180827-1041
2019-12-19 09:39:22,223 - org.eclipse.ui.workbench.texteditor - 3.11.100.v20180824-1030
2019-12-19 09:39:22,224 - org.eclipse.ui.views - 3.9.200.v20180828-0837
2019-12-19 09:39:22,234 - org.eclipse.ui.editors - 3.11.200.v20180822-1511
2019-12-19 09:39:22,235 - org.eclipse.ui.externaltools - 3.4.200.v20180821-1744
2019-12-19 09:39:22,246 - org.eclipse.ui.ide - 3.14.100.v20180828-1350
2019-12-19 09:39:22,247 - org.eclipse.ui.ide.application - 1.3.0.v20180828-1350
2019-12-19 09:39:22,247 - org.eclipse.ui.win32 - 3.4.100.v20180828-0838
2019-12-19 09:39:22,247 - org.eclipse.core.resources.win32.x86_64 - 3.5.200.v20180828-0158
2019-12-19 09:39:22,247 - org.eclipse.core.filesystem.win32.x86_64 - 1.4.100.v20180828-0158
2019-12-19 09:39:22,257 - org.eclipse.core.variables - 3.4.200.v20180821-1744
2019-12-19 09:39:22,258 - org.eclipse.ui.forms - 3.7.300.v20180828-1350
2019-12-19 09:39:22,258 - org.eclipse.ui.views.properties.tabbed - 3.8.200.v20180828-0837
2019-12-19 09:39:22,258 - org.eclipse.equinox.security - 1.2.500.v20180827-1235
2019-12-19 09:39:22,269 - org.eclipse.equinox.security.ui - 1.2.100.v20180827-1235
2019-12-19 09:39:22,270 - org.eclipse.equinox.security.win32.x86_64 - 1.1.100.v20180827-1235
2019-12-19 09:39:22,271 - org.eclipse.core.externaltools - 1.1.200.v20180821-1744
2019-12-19 09:39:22,271 - org.eclipse.ui.themes - 1.2.200.v20180828-1350
2019-12-19 09:39:22,271 - org.eclipse.core.runtime - 3.15.0.v20180817-1401
2019-12-19 09:39:22,272 - org.eclipse.ui.intro.quicklinks - 1.0.300.v20180821-0700
2019-12-19 09:39:22,273 - org.eclipse.team.genericeditor.diff.extension - 1.0.200.v20180827-1041
2019-12-19 09:39:22,273 - org.eclipse.urischeme - 1.0.0.v20180828-1120
2019-12-19 09:39:22,312 - org.eclipse.emf.ecore.edit - 2.11.0.v20180823-0905
2019-12-19 09:39:22,313 - org.eclipse.emf.ecore.change.edit - 2.8.0.v20180706-1146
2019-12-19 09:39:22,371 - org.eclipse.sequoyah.vnc.protocol - 2.1.0.N20120718-0509
2019-12-19 09:39:22,395 - org.eclipse.persistence.antlr - 3.5.2.v201605171345
2019-12-19 09:39:22,397 - org.eclipse.persistence.asm - 6.0.0.v201710052159
2019-12-19 09:39:22,398 - org.eclipse.persistence.core - 2.7.1.v20171221-bd47e8f
2019-12-19 09:39:22,403 - org.eclipse.persistence.jpa - 2.7.1.v20171221-bd47e8f
2019-12-19 09:39:22,409 - org.eclipse.jpt.jpa.eclipselink.core - 2.4.101.v201803012210
2019-12-19 09:39:22,422 - org.eclipse.jpt.jpa.eclipselink.ui - 2.4.101.v201803012210
2019-12-19 09:39:22,422 - org.eclipse.jpt.jpa.eclipselink.core.ddlgen - 2.2.201.v201803012210
2019-12-19 09:39:22,422 - org.eclipse.jpt.jpa.eclipselink.branding - 3.4.1.v201807122215
2019-12-19 09:39:22,454 - org.eclipse.emf.mapping.ecore - 2.8.0.v20180706-1146
2019-12-19 09:39:22,455 - org.eclipse.emf.mapping.ecore2ecore - 2.11.0.v20180706-1146
2019-12-19 09:39:22,456 - org.eclipse.emf.mapping.ecore2xml - 2.11.0.v20180706-1146
2019-12-19 09:39:22,469 - org.eclipse.datatools.enablement.ingres - 1.2.101.201807022034
2019-12-19 09:39:22,470 - org.eclipse.datatools.enablement.ingres.dbdefinition - 1.2.101.201807022034
2019-12-19 09:39:22,493 - org.eclipse.datatools.enablement.ingres.ui - 1.2.101.201807022034
2019-12-19 09:39:22,493 - org.eclipse.datatools.enablement.finfo - 1.7.101.201807021829
2019-12-19 09:39:22,546 - org.eclipse.andmore.traceview - 0.5.1.201701251432
2019-12-19 09:39:22,562 - org.eclipse.mylyn.wikitext - 3.0.25.20180620133858
2019-12-19 09:39:22,563 - org.eclipse.mylyn.wikitext.ant - 3.0.25.20180620133858
2019-12-19 09:39:22,564 - org.eclipse.mylyn.wikitext.osgi - 3.0.25.201806201740
2019-12-19 09:39:22,564 - org.eclipse.mylyn.wikitext.asciidoc - 3.0.25.20180620133858
2019-12-19 09:39:22,565 - org.eclipse.mylyn.wikitext.textile - 3.0.25.20180620133858
2019-12-19 09:39:22,565 - org.eclipse.mylyn.wikitext.html - 3.0.25.20180620133858
2019-12-19 09:39:22,566 - org.eclipse.mylyn.wikitext.markdown - 3.0.25.20180620133858
2019-12-19 09:39:22,567 - org.eclipse.mylyn.wikitext.mediawiki - 3.0.25.20180620133858
2019-12-19 09:39:22,567 - org.eclipse.mylyn.wikitext.confluence - 3.0.25.20180620133858
2019-12-19 09:39:22,568 - org.eclipse.mylyn.wikitext.tracwiki - 3.0.25.20180620133858
2019-12-19 09:39:22,568 - org.eclipse.mylyn.wikitext.twiki - 3.0.25.20180620133858
2019-12-19 09:39:22,584 - org.eclipse.mylyn.wikitext.ui - 3.0.25.201806201740
2019-12-19 09:39:22,597 - org.eclipse.mylyn.wikitext.help.ui - 3.0.25.201806201740
2019-12-19 09:39:22,598 - org.eclipse.mylyn.wikitext.asciidoc.ui - 3.0.25.201806201740
2019-12-19 09:39:22,599 - org.eclipse.mylyn.wikitext.textile.ui - 3.0.25.201806201740
2019-12-19 09:39:22,600 - org.eclipse.mylyn.wikitext.markdown.ui - 3.0.25.201806201740
2019-12-19 09:39:22,600 - org.eclipse.mylyn.wikitext.mediawiki.ui - 3.0.25.201806201740
2019-12-19 09:39:22,601 - org.eclipse.mylyn.wikitext.confluence.ui - 3.0.25.201806201740
2019-12-19 09:39:22,602 - org.eclipse.mylyn.wikitext.tracwiki.ui - 3.0.25.201806201740
2019-12-19 09:39:22,603 - org.eclipse.mylyn.wikitext.twiki.ui - 3.0.25.201806201740
2019-12-19 09:39:22,635 - org.eclipse.emf.codegen - 2.14.0.v20180706-1146
2019-12-19 09:39:22,675 - org.eclipse.m2e.logback.configuration - 1.9.1.20180912-1601
2019-12-19 09:39:22,677 - org.eclipse.m2e.logback.appender - 1.9.1.20180912-1601
2019-12-19 09:39:22,712 - org.eclipse.wst.dtd.ui - 1.1.100.v201807090620
2019-12-19 09:39:22,712 - org.eclipse.wst.dtd.ui.infopop - 1.0.400.v201711201733
2019-12-19 09:39:22,713 - org.eclipse.wst.sse.ui.infopop - 1.0.300.v201711201733
2019-12-19 09:39:22,714 - org.eclipse.wst.xml.ui.infopop - 1.0.400.v201711201733
2019-12-19 09:39:22,722 - org.eclipse.wst.sse.ui - 1.5.0.v201807252207
2019-12-19 09:39:22,722 - org.eclipse.wst.xml.ui - 1.2.100.v201807252207
2019-12-19 09:39:22,734 - org.eclipse.wst.xsd.ui - 1.3.100.v201807090620
2019-12-19 09:39:22,741 - org.eclipse.emf - 2.8.0.v20180706-1146
2019-12-19 09:39:22,764 - org.eclipse.datatools.doc.user - 1.14.101.201807021805
2019-12-19 09:39:22,765 - org.eclipse.datatools.oda.cshelp - 1.3.101.201807022034
2019-12-19 09:39:22,765 - org.eclipse.datatools.help - 1.7.101.201807022034
2019-12-19 09:39:22,793 - org.springframework.ide.eclipse.boot.dash - 3.9.6.201809180658-RELEASE
2019-12-19 09:39:22,794 - org.springframework.ide.eclipse.boot.refactoring - 3.9.6.201809180658-RELEASE
2019-12-19 09:39:22,794 - org.springframework.ide.eclipse.cloudfoundry.manifest.editor - 3.9.6.201809180658-RELEASE
2019-12-19 09:39:22,795 - org.springframework.ide.eclipse.editor.support - 3.9.6.201809180658-RELEASE
2019-12-19 09:39:22,796 - org.springframework.ide.eclipse.beans.ui.live - 3.9.6.201809180658-RELEASE
2019-12-19 09:39:24,552 - org.springsource.ide.eclipse.commons.cloudfoundry.client.v2 - 3.9.6.201809180658-RELEASE
2019-12-19 09:39:24,553 - io.projectreactor.reactor-core - 3.1.5.201805082144-RELEASE
2019-12-19 09:39:24,554 - org.reactivestreams.reactive-streams - 1.0.2
2019-12-19 09:39:24,585 - org.springsource.ide.eclipse.commons.jdk_tools - 3.9.6.201809180630-RELEASE
2019-12-19 09:39:24,632 - org.eclipse.epp.package.jee - 4.9.0.20180917-1800
2019-12-19 09:39:24,638 - org.eclipse.wtp.epp.package.jee.intro - 1.3.0.v201006142040
2019-12-19 09:39:24,639 - org.eclipse.wtp.javascript.capabilities - 1.0.100.v201005102000
2019-12-19 09:39:24,639 - org.eclipse.wtp.jee.capabilities - 1.0.100.v201802082131
2019-12-19 09:39:24,640 - org.eclipse.wtp.web.capabilities - 1.0.100.v201005102000
2019-12-19 09:39:24,640 - org.eclipse.wtp.xml.capabilities - 1.0.100.v201005102000
2019-12-19 09:39:24,641 - org.eclipse.wtp.epp.package.capabilities - 1.3.0.v201005102000
2019-12-19 09:39:24,673 - org.eclipse.draw2d - 3.10.100.201606061308
2019-12-19 09:39:24,683 - org.eclipse.eclemma.core - 3.1.1.201809121651
2019-12-19 09:39:24,684 - org.eclipse.eclemma.doc - 3.1.1.201809121651
2019-12-19 09:39:24,684 - org.eclipse.eclemma.ui - 3.1.1.201809121651
2019-12-19 09:39:24,684 - org.jacoco.agent - 0.8.2.v20180823-1901
2019-12-19 09:39:24,685 - org.jacoco.core - 0.8.2.v20180823-1901
2019-12-19 09:39:24,685 - org.jacoco.report - 0.8.2.v20180823-1901
2019-12-19 09:39:24,685 - org.objectweb.asm - 6.2.1.v20180823-1831
2019-12-19 09:39:24,686 - org.objectweb.asm.commons - 6.2.1.v20180823-1831
2019-12-19 09:39:24,687 - org.objectweb.asm.tree - 6.2.1.v20180823-1831
2019-12-19 09:39:24,728 - org.eclipse.andmore.gldebugger - 0.5.1.201701251432
2019-12-19 09:39:24,746 - org.eclipse.epp.mpc.core - 1.7.2.v20180829-1931
2019-12-19 09:39:24,746 - org.eclipse.epp.mpc.core.win32 - 1.7.2.v20180718-2001
2019-12-19 09:39:24,746 - org.eclipse.epp.mpc.ui - 1.7.2.v20180718-2001
2019-12-19 09:39:24,746 - org.eclipse.epp.mpc.ui.css - 1.7.2.v20180718-2001
2019-12-19 09:39:24,747 - org.eclipse.epp.mpc.help.ui - 1.7.2.v20180718-2001
2019-12-19 09:39:24,764 - org.eclipse.cft.server.rse - 1.0.1.v201805291812
2019-12-19 09:39:24,770 - org.eclipse.cft.server.ui - 1.0.110.v201805291812
2019-12-19 09:39:24,781 - org.eclipse.cft.server.verify.ui - 1.0.1.v201805291812
2019-12-19 09:39:24,781 - org.eclipse.cft.server.branding.ui - 1.0.2.v201805291812
2019-12-19 09:39:24,851 - org.eclipse.cft.server.standalone.ui - 1.0.4.v201805291812
2019-12-19 09:39:24,869 - org.aspectj.runtime - 1.9.0.201805281636
2019-12-19 09:39:24,870 - org.aspectj.ajde - 1.9.0.201805281636
2019-12-19 09:39:24,870 - org.aspectj.weaver - 1.9.0.201805281636
2019-12-19 09:39:24,911 - org.springframework.ide.eclipse.batch - 3.9.6.201809180658-RELEASE
2019-12-19 09:39:24,973 - org.eclipse.cdt.gdb - 7.0.0.201809121146
2019-12-19 09:39:24,973 - org.eclipse.cdt.gdb.ui - 7.0.0.201809121146
2019-12-19 09:39:25,029 - org.eclipse.pde - 3.13.300.v20180906-0745
2019-12-19 09:39:25,112 - org.eclipse.pde.build - 3.10.100.v20180828-1915
2019-12-19 09:39:25,112 - org.eclipse.pde.core - 3.12.100.v20180829-1412
2019-12-19 09:39:25,113 - org.eclipse.pde.junit.runtime - 3.5.300.v20180827-1331
2019-12-19 09:39:25,125 - org.eclipse.pde.runtime - 3.6.200.v20180827-1331
2019-12-19 09:39:25,147 - org.eclipse.pde.ui - 3.10.400.v20180829-0709
2019-12-19 09:39:25,163 - org.eclipse.pde.doc.user - 3.14.100.v20180905-1254
2019-12-19 09:39:25,177 - org.eclipse.pde.ui.templates - 3.6.300.v20180827-1331
2019-12-19 09:39:25,179 - org.eclipse.ui.views.log - 1.2.300.v20180827-1331
2019-12-19 09:39:25,179 - org.objectweb.asm - 6.2.1.v20180823-1831
2019-12-19 09:39:25,179 - org.objectweb.asm.tree - 6.2.1.v20180823-1831
2019-12-19 09:39:25,192 - org.eclipse.pde.api.tools - 1.1.400.v20180827-1618
2019-12-19 09:39:25,193 - org.eclipse.pde.api.tools.annotations - 1.1.200.v20180827-1618
2019-12-19 09:39:25,211 - org.eclipse.pde.api.tools.ui - 1.1.400.v20180827-1618
2019-12-19 09:39:25,212 - org.eclipse.pde.ds.core - 1.1.300.v20180827-1309
2019-12-19 09:39:25,221 - org.eclipse.pde.ds.ui - 1.1.300.v20180827-1309
2019-12-19 09:39:25,222 - org.eclipse.pde.launching - 3.7.200.v20180827-1331
2019-12-19 09:39:25,222 - org.eclipse.pde.ua.core - 1.1.200.v20180827-1330
2019-12-19 09:39:25,237 - org.eclipse.pde.ua.ui - 1.1.300.v20180827-1330
2019-12-19 09:39:25,237 - org.eclipse.ui.trace - 1.1.200.v20180829-0709
2019-12-19 09:39:25,238 - org.eclipse.pde.ds.annotations - 1.1.200.v20180827-1309
2019-12-19 09:39:25,238 - org.eclipse.pde.genericeditor.extension - 1.0.200.v20180827-1331
2019-12-19 09:39:25,254 - org.eclipse.pde.ds.lib - 1.1.200.v20180827-1309
2019-12-19 09:39:25,278 - org.eclipse.pde.ds1_2.lib - 1.0.200.v20180827-1309
2019-12-19 09:39:25,278 - org.eclipse.tools.layout.spy - 1.0.200.v20180827-1331
2019-12-19 09:39:25,317 - org.eclipse.datatools.sqltools.parsers.sql.lexer - 1.2.101.201807022034
2019-12-19 09:39:25,322 - org.eclipse.datatools.sqltools.parsers.sql.query - 1.4.101.201807022034
2019-12-19 09:39:25,323 - org.eclipse.datatools.sqltools.parsers.sql.xml.query - 1.2.101.201807022034
2019-12-19 09:39:25,323 - org.eclipse.datatools.sqltools.parsers.sql - 1.2.101.201807022034
2019-12-19 09:39:25,367 - org.eclipse.mylyn.java.ui - 3.24.2.v20180905-0014
2019-12-19 09:39:25,368 - org.eclipse.mylyn.java.tasks - 3.24.2.v20180905-0014
2019-12-19 09:39:25,368 - org.eclipse.mylyn.ide.ui - 3.24.2.v20180905-0014
2019-12-19 09:39:25,369 - org.eclipse.mylyn.ide.ant - 3.24.2.v20180905-0014
2019-12-19 09:39:25,369 - org.eclipse.mylyn.debug.ui - 3.24.2.v20180905-0014
2019-12-19 09:39:25,400 - org.eclipse.m2e.wtp.jaxrs - 1.4.0.20180606-2005
2019-12-19 09:39:25,414 - org.eclipse.datatools.sqltools.sql - 1.2.101.201807022034
2019-12-19 09:39:25,414 - org.eclipse.datatools.sqltools.common.ui - 1.2.101.201807022034
2019-12-19 09:39:25,414 - org.eclipse.datatools.sqltools.plan - 1.2.101.201807022034
2019-12-19 09:39:25,414 - org.eclipse.datatools.sqltools.editor.core - 1.2.101.201807022034
2019-12-19 09:39:25,414 - org.eclipse.datatools.sqltools.sqleditor - 1.2.101.201807022034
2019-12-19 09:39:25,414 - org.eclipse.datatools.sqltools.ddlgen.ui - 1.2.101.201807022034
2019-12-19 09:39:25,414 - org.eclipse.datatools.connectivity.db.generic - 1.2.101.201807022034
2019-12-19 09:39:25,414 - org.eclipse.datatools.sqltools.editor.core.ui - 1.2.101.201807022034
2019-12-19 09:39:25,414 - org.eclipse.datatools.sqltools.sql.ui - 1.2.101.201807022034
2019-12-19 09:39:25,432 - org.eclipse.mylyn.commons.repositories.core - 1.16.0.v20180904-2231
2019-12-19 09:39:25,433 - org.eclipse.mylyn.commons.repositories.ui - 1.16.0.v20180904-2231
2019-12-19 09:39:25,475 - org.eclipse.andmore.android.common - 0.5.1.201701251432
2019-12-19 09:39:25,487 - org.eclipse.andmore.android.codeutils - 0.5.1.201701251432
2019-12-19 09:39:25,488 - org.eclipse.andmore.android.translation - 0.5.1.201701251432
2019-12-19 09:39:25,490 - org.eclipse.andmore.android.codesnippets - 0.5.1.201701251432
2019-12-19 09:39:25,502 - org.eclipse.andmore.android.db.core - 0.5.1.201701251432
2019-12-19 09:39:25,502 - org.eclipse.andmore.android.logger - 0.5.1.201701251432
2019-12-19 09:39:25,519 - org.eclipse.andmore.android - 0.5.1.201701251432
2019-12-19 09:39:25,539 - org.eclipse.andmore.android.emulator - 0.5.1.201701251432
2019-12-19 09:39:25,540 - org.eclipse.andmore.android.launch - 0.5.1.201701251432
2019-12-19 09:39:25,541 - org.eclipse.andmore.android.packaging.ui - 0.5.1.201701251432
2019-12-19 09:39:25,542 - org.eclipse.andmore.android.handset - 0.5.1.201701251432
2019-12-19 09:39:25,542 - org.eclipse.andmore.android.remote - 0.5.1.201701251432
2019-12-19 09:39:25,543 - org.eclipse.andmore.android.win32.x86_64 - 0.5.1.201701251432
2019-12-19 09:39:25,543 - org.eclipse.andmore.android.mat - 0.5.1.201701251432
2019-12-19 09:39:25,544 - org.eclipse.andmore.android.devices.services - 0.5.1.201701251432
2019-12-19 09:39:25,545 - org.eclipse.andmore.android.db.devices - 0.5.1.201701251432
2019-12-19 09:39:25,546 - org.eclipse.andmore.android.installer - 0.5.1.201701251432
2019-12-19 09:39:25,547 - org.eclipse.andmore.android.logger.collector - 0.5.1.201701251432
2019-12-19 09:39:25,568 - org.eclipse.mylyn.monitor.core - 3.24.2.v20180904-2231
2019-12-19 09:39:25,569 - org.eclipse.mylyn.monitor.ui - 3.24.2.v20180904-2231
2019-12-19 09:39:25,681 - org.eclipse.ajdt.core - 2.2.4.201805281636
2019-12-19 09:39:25,682 - org.eclipse.contribution.visualiser - 2.2.4.201805281636
2019-12-19 09:39:25,682 - org.eclipse.ajdt.ui - 2.2.4.201805281636
2019-12-19 09:39:25,709 - org.eclipse.ajdt.examples - 2.2.4.201805281636
2019-12-19 09:39:25,709 - org.eclipse.aspectj - 2.2.4.201805281636
2019-12-19 09:39:25,716 - org.eclipse.ajdt.doc.user - 2.2.4.201805281636
2019-12-19 09:39:25,716 - org.eclipse.contribution.weaving.jdt - 2.2.4.201805281636
2019-12-19 09:39:25,717 - org.eclipse.contribution.xref.ui - 2.2.4.201805281636
2019-12-19 09:39:25,717 - org.eclipse.contribution.xref.core - 2.2.4.201805281636
2019-12-19 09:39:25,730 - org.eclipse.tm.terminal.control - 4.5.0.201808290101
2019-12-19 09:39:25,766 - org.eclipse.sequoyah.vnc.vncviewer - 2.1.0.N20120718-0509
2019-12-19 09:39:25,789 - org.springframework.ide.eclipse.data.core - 3.9.6.201809180658-RELEASE
2019-12-19 09:39:25,789 - org.springframework.data.core - 1.11.4.20160223-RELEASE
2019-12-19 09:39:25,845 - org.springframework.ide.eclipse.boot - 3.9.6.201809180658-RELEASE
2019-12-19 09:39:25,845 - org.springframework.ide.eclipse.boot.templates - 3.9.6.201809180658-RELEASE
2019-12-19 09:39:25,846 - org.springframework.ide.eclipse.boot.validation - 3.9.6.201809180658-RELEASE
2019-12-19 09:39:25,846 - org.springframework.ide.eclipse.boot.launch - 3.9.6.201809180658-RELEASE
2019-12-19 09:39:25,847 - org.springframework.ide.eclipse.boot.launch.livebean - 3.9.6.201809180658-RELEASE
2019-12-19 09:39:25,847 - org.springframework.ide.eclipse.boot.refactoring - 3.9.6.201809180658-RELEASE
2019-12-19 09:39:25,880 - org.springframework.ide.eclipse.boot.properties.editor - 3.9.6.201809180658-RELEASE
2019-12-19 09:39:25,881 - org.springframework.ide.eclipse.boot.properties.editor.yaml - 3.9.6.201809180658-RELEASE
2019-12-19 09:39:25,881 - org.springframework.ide.eclipse.boot.wizard - 3.9.6.201809180658-RELEASE
2019-12-19 09:39:25,882 - org.springframework.ide.eclipse.boot.restart - 3.9.6.201809180658-RELEASE
2019-12-19 09:39:25,882 - org.springframework.ide.eclipse.editor.support - 3.9.6.201809180658-RELEASE
2019-12-19 09:39:25,883 - org.springframework.ide.eclipse.imports - 3.9.6.201809180658-RELEASE
2019-12-19 09:39:25,883 - org.springframework.ide.eclipse.buildship20 - 3.9.6.201809180658-RELEASE
2019-12-19 09:39:25,902 - org.eclipse.emf.codegen.ecore.ui - 2.15.0.v20180905-1732
2019-12-19 09:39:25,916 - org.eclipse.emf.ecore.editor - 2.15.0.v20180823-0905
2019-12-19 09:39:25,936 - org.sonatype.m2e.mavenarchiver - 0.17.2.201606141937-signed-20160830073346
2019-12-19 09:39:25,951 - org.eclipse.mylyn.context.core - 3.24.2.v20180905-0014
2019-12-19 09:39:25,963 - org.eclipse.mylyn.context.ui - 3.24.2.v20180905-0014
2019-12-19 09:39:25,963 - org.eclipse.mylyn.resources.ui - 3.24.2.v20180905-0014
2019-12-19 09:39:25,963 - org.eclipse.mylyn.context.tasks.ui - 3.24.2.v20180905-0014
2019-12-19 09:39:25,980 - org.eclipse.datatools.enablement.oracle.dbdefinition - 1.2.101.201807021805
2019-12-19 09:39:25,986 - org.eclipse.datatools.enablement.oracle - 1.2.101.201807021805
2019-12-19 09:39:25,987 - org.eclipse.datatools.enablement.oracle.ui - 1.2.101.201807021805
2019-12-19 09:39:25,987 - org.eclipse.datatools.enablement.finfo - 1.7.101.201807021829
2019-12-19 09:39:25,996 - org.eclipse.emf.databinding - 1.5.0.v20180706-1146
2019-12-19 09:39:26,006 - org.eclipse.datatools.enablement.sap.maxdb.dbdefinition - 1.2.101.201807022034
2019-12-19 09:39:26,007 - org.eclipse.datatools.enablement.sap.maxdb - 1.2.101.201807022034
2019-12-19 09:39:26,007 - org.eclipse.datatools.enablement.sap.maxdb.ui - 1.2.101.201807022034
2019-12-19 09:39:26,007 - org.eclipse.datatools.enablement.finfo - 1.7.101.201807021829
2019-12-19 09:39:26,022 - org.eclipse.wst.xml.xpath2.processor - 2.1.101.v201805182044
2019-12-19 09:39:26,022 - org.eclipse.wst.xml.xpath2.wtptypes - 2.0.0.v201711201732
2019-12-19 09:39:26,022 - org.eclipse.wst.xml.xpath2 - 1.1.0.v201711201732
2019-12-19 09:39:26,022 - org.eclipse.wst.xml.xpath2.processor.doc.user - 2.1.0.v201802171654
2019-12-19 09:39:26,056 - org.eclipse.oomph.setup - 1.10.0.v20180914-1031
2019-12-19 09:39:26,057 - org.eclipse.oomph.setup.edit - 1.10.0.v20180706-1242
2019-12-19 09:39:26,057 - org.eclipse.oomph.setup.core - 1.11.0.v20180914-1129
2019-12-19 09:39:26,058 - org.eclipse.oomph.setup.sync - 1.10.0.v20180706-1242
2019-12-19 09:39:26,058 - org.eclipse.oomph.setup.p2 - 1.10.0.v20180706-1242
2019-12-19 09:39:26,059 - org.eclipse.oomph.setup.p2.edit - 1.10.0.v20180706-1242
2019-12-19 09:39:26,059 - org.eclipse.oomph.preferences - 1.10.0.v20180706-1242
2019-12-19 09:39:26,060 - org.eclipse.oomph.jreinfo - 1.10.0.v20180706-1242
2019-12-19 09:39:26,060 - org.eclipse.oomph.jreinfo.win32.x86_64 - 1.4.0.v20180706-1242
2019-12-19 09:39:26,060 - org.eclipse.oomph.extractor.lib - 1.5.0.v20180706-1242
